<?xml version="1.0" encoding="UTF-8"?>
<!-- Generated by org.testng.reporters.JUnitReportReporter -->
<testsuite hostname="SmartMacs-MacBook-Pro.local" failures="0" tests="2" name="test.Test1" time="12.964" errors="0" timestamp="29 Nov 2018 10:25:47 GMT" skipped="0">
  <testcase classname="test.Test1" name="testMethod1" time="6.470"/>
  <testcase classname="test.Test1" name="testMethod1" time="6.494"/>
</testsuite> <!-- test.Test1 -->
